<?xml version="1.0" encoding="UTF-8"?>
<!-- Generated by org.testng.reporters.JUnitReportReporter -->
<testsuite hostname="ROG" failures="0" tests="6" name="tests.Testing1" time="0.012" errors="0" timestamp="23 Aug 2020 16:13:19 GMT" skipped="0">
  <testcase classname="tests.Testing1" name="test1" time="0.004"/>
  <testcase classname="tests.Testing1" name="test1" time="0.001"/>
  <testcase classname="tests.Testing1" name="test2" time="0.002"/>
  <testcase classname="tests.Testing1" name="test3" time="0.003"/>
  <testcase classname="tests.Testing1" name="xyz" time="0.001"/>
  <testcase classname="tests.Testing1" name="xyz" time="0.001"/>
</testsuite> <!-- tests.Testing1 -->
