<?xml version="1.0" encoding="UTF-8"?>
<!-- Generated by org.testng.reporters.JUnitReportReporter -->
<testsuite hostname="ROG" failures="0" tests="2" name="tests.Testing2" time="0.002" errors="0" timestamp="23 Aug 2020 16:13:19 GMT" skipped="0">
  <testcase classname="tests.Testing2" name="test4" time="0.001"/>
  <testcase classname="tests.Testing2" name="test5" time="0.001"/>
</testsuite> <!-- tests.Testing2 -->
